
********** Local Data Warehouse and Analytical Reporting System **********
Filename: Stock Market and Macroeconomic Intelligence
User ID: 800338
Username: Shalini Tata
File Path: /Users/shalinitata/Desktop/stocks/watcher.py
********** Stock Market and Macroeconomic Intelligence **********
2025-11-25 03:33:42,087 - INFO - ===== started running the process ======
2025-11-25 03:33:42,138 - INFO - ============================================================
2025-11-25 03:33:42,138 - INFO - Starting merge process
2025-11-25 03:33:42,138 - INFO - Mode: Historical
2025-11-25 03:33:42,138 - INFO - Date range: 2024-11-01 to 2024-12-31
2025-11-25 03:33:42,138 - INFO - Execution dir: /Users/shalinitata/Desktop/stocks/Execution/2025/11/25/2025:11:25_03:33:42
2025-11-25 03:33:42,138 - INFO - 
============================================================
2025-11-25 03:33:42,138 - INFO - Processing BASE TABLE (stocks_raw)
2025-11-25 03:33:42,139 - INFO - Processing stocks_raw (BASE TABLE)
2025-11-25 03:33:42,140 - INFO - Read 92 rows from 2024/11/04/stocks.csv
2025-11-25 03:33:42,140 - INFO - Read 92 rows from 2024/11/05/stocks.csv
2025-11-25 03:33:42,140 - INFO - Read 91 rows from 2024/11/20/stocks.csv
2025-11-25 03:33:42,141 - INFO - Read 92 rows from 2024/11/18/stocks.csv
2025-11-25 03:33:42,141 - INFO - Read 92 rows from 2024/11/27/stocks.csv
2025-11-25 03:33:42,141 - INFO - Read 92 rows from 2024/11/11/stocks.csv
2025-11-25 03:33:42,141 - INFO - Read 92 rows from 2024/11/29/stocks.csv
2025-11-25 03:33:42,142 - INFO - Read 7 rows from 2024/11/28/stocks.csv
2025-11-25 03:33:42,142 - INFO - Read 92 rows from 2024/11/19/stocks.csv
2025-11-25 03:33:42,142 - INFO - Read 92 rows from 2024/11/26/stocks.csv
2025-11-25 03:33:42,143 - INFO - Read 92 rows from 2024/11/21/stocks.csv
2025-11-25 03:33:42,143 - INFO - Read 92 rows from 2024/11/07/stocks.csv
2025-11-25 03:33:42,143 - INFO - Read 92 rows from 2024/11/08/stocks.csv
2025-11-25 03:33:42,143 - INFO - Read 92 rows from 2024/11/01/stocks.csv
2025-11-25 03:33:42,144 - INFO - Read 92 rows from 2024/11/06/stocks.csv
2025-11-25 03:33:42,144 - INFO - Read 91 rows from 2024/11/15/stocks.csv
2025-11-25 03:33:42,144 - INFO - Read 92 rows from 2024/11/12/stocks.csv
2025-11-25 03:33:42,145 - INFO - Read 92 rows from 2024/11/13/stocks.csv
2025-11-25 03:33:42,145 - INFO - Read 92 rows from 2024/11/14/stocks.csv
2025-11-25 03:33:42,146 - INFO - Read 92 rows from 2024/11/22/stocks.csv
2025-11-25 03:33:42,146 - INFO - Read 92 rows from 2024/11/25/stocks.csv
2025-11-25 03:33:42,147 - INFO - Read 93 rows from 2024/12/03/stocks.csv
2025-11-25 03:33:42,147 - INFO - Read 93 rows from 2024/12/04/stocks.csv
2025-11-25 03:33:42,147 - INFO - Read 93 rows from 2024/12/05/stocks.csv
2025-11-25 03:33:42,147 - INFO - Read 92 rows from 2024/12/02/stocks.csv
2025-11-25 03:33:42,148 - INFO - Read 92 rows from 2024/12/20/stocks.csv
2025-11-25 03:33:42,148 - INFO - Read 93 rows from 2024/12/18/stocks.csv
2025-11-25 03:33:42,148 - INFO - Read 93 rows from 2024/12/27/stocks.csv
2025-11-25 03:33:42,149 - INFO - Read 92 rows from 2024/12/11/stocks.csv
2025-11-25 03:33:42,149 - INFO - Read 93 rows from 2024/12/16/stocks.csv
2025-11-25 03:33:42,149 - INFO - Read 93 rows from 2024/12/17/stocks.csv
2025-11-25 03:33:42,149 - INFO - Read 93 rows from 2024/12/10/stocks.csv
2025-11-25 03:33:42,150 - INFO - Read 93 rows from 2024/12/19/stocks.csv
2025-11-25 03:33:42,150 - INFO - Read 87 rows from 2024/12/26/stocks.csv
2025-11-25 03:33:42,151 - INFO - Read 93 rows from 2024/12/09/stocks.csv
2025-11-25 03:33:42,151 - INFO - Read 93 rows from 2024/12/30/stocks.csv
2025-11-25 03:33:42,151 - INFO - Read 93 rows from 2024/12/06/stocks.csv
2025-11-25 03:33:42,152 - INFO - Read 91 rows from 2024/12/24/stocks.csv
2025-11-25 03:33:42,152 - INFO - Read 93 rows from 2024/12/23/stocks.csv
2025-11-25 03:33:42,152 - INFO - Read 93 rows from 2024/12/12/stocks.csv
2025-11-25 03:33:42,153 - INFO - Read 93 rows from 2024/12/13/stocks.csv
2025-11-25 03:33:42,153 - INFO - Read 1 rows from 2024/12/25/stocks.csv
2025-11-25 03:33:42,159 - INFO - Merged 3695 rows for stocks_raw
2025-11-25 03:33:42,659 - INFO - Validation complete for stocks_raw: valid=3695, invalid=0
2025-11-25 03:33:42,689 - INFO - Valid: 3695, Invalid: 0
2025-11-25 03:33:42,711 - INFO - Table stocks_raw created
2025-11-25 03:33:42,943 - INFO - Inserted 3695 rows into stocks_raw
2025-11-25 03:33:42,943 - INFO - Loaded 3695 rows to stocks_raw
2025-11-25 03:33:42,943 - INFO - Base table established with 3695 records
2025-11-25 03:33:42,943 - INFO - Found 93 unique tickers: 601336.SS, AAL, AAPL, ABBV, ACI, ADM, AIG, ALL, AMZN, ATT.L, AXP, BA, BAC, BBY, C, CAH, CAT, CHS.V, CHTR, CI, CMCSA, CNC, COF, COLA.WA, COP, COR, COST, CSCO, CVS, CVX, DAL, DE, DELL, DIS, DOW, ELV, EPD, ET, F, FDX, FMCC, FNMA, GE, GM, GOOGL, GS, HCA, HD, HUM.ST, IBM, INTC, JNJ, JPM, KR, LFG.AX, LMT, MCK, MET, META, MPC, MRK, MS, MSFT, NKE, NVDA, ORCL, PAGP, PEP, PFGC, PFIZER.NS, PG, PGR, PRU, PSX, RTX, SNEX, SNX, SYY, TGT, TILIX, TJX, TSLA, TSN, UAL, UNH, UPS, VLO, VZ, WFC, WKC, WMT, X1G.PA, XOM
2025-11-25 03:33:42,943 - INFO - 
============================================================
2025-11-25 03:33:42,943 - INFO - Processing DEPENDENT TABLES
2025-11-25 03:33:42,943 - INFO - Processing company_metadata
2025-11-25 03:33:42,944 - INFO - Read 93 rows from 2024/company_details.csv
2025-11-25 03:33:42,945 - INFO - Merged 93 rows for company_metadata
2025-11-25 03:33:42,949 - INFO - Validation complete for company_metadata: valid=93, invalid=0
2025-11-25 03:33:42,951 - INFO - Valid: 93, Invalid: 0
2025-11-25 03:33:42,953 - ERROR - Failed to load company_metadata: 1064 (42000): You have an error in your SQL syntax; check the manual that corresponds to your MySQL server version for the right syntax to use near 'rank INT PRIMARY KEY,
            company VARCHAR(255) NOT NULL UNIQUE,
        ' at line 2
2025-11-25 03:33:42,953 - INFO - Loaded 93 rows to company_metadata
2025-11-25 03:33:42,953 - INFO - company_metadata processed and linked to stocks_raw
2025-11-25 03:33:42,953 - INFO - 
============================================================
2025-11-25 03:33:42,953 - INFO - Processing INDEPENDENT TABLES
2025-11-25 03:33:42,953 - INFO - Processing exchange_rates
2025-11-25 03:33:42,954 - INFO - Read 251 rows from 2024.csv
2025-11-25 03:33:42,954 - INFO - Merged 251 rows for exchange_rates
2025-11-25 03:33:42,985 - INFO - Validation complete for exchange_rates: valid=251, invalid=0
2025-11-25 03:33:42,987 - INFO - Valid: 251, Invalid: 0
2025-11-25 03:33:42,991 - INFO - Table exchange_rates created
2025-11-25 03:33:43,016 - INFO - Inserted 251 rows into exchange_rates
2025-11-25 03:33:43,016 - INFO - Loaded 251 rows to exchange_rates
2025-11-25 03:33:43,016 - INFO - exchange_rates processed
2025-11-25 03:33:43,016 - INFO - Processing macro_raw
2025-11-25 03:33:43,017 - INFO - Read 4 rows from 2024.csv
2025-11-25 03:33:43,017 - INFO - Merged 4 rows for macro_raw
2025-11-25 03:33:43,018 - INFO - Validation complete for macro_raw: valid=4, invalid=0
2025-11-25 03:33:43,019 - INFO - Valid: 4, Invalid: 0
2025-11-25 03:33:43,028 - INFO - Table macro_raw created
2025-11-25 03:33:43,035 - INFO - Inserted 4 rows into macro_raw
2025-11-25 03:33:43,035 - INFO - Loaded 4 rows to macro_raw
2025-11-25 03:33:43,035 - INFO - macro_raw processed
2025-11-25 03:33:43,035 - INFO - 
============================================================
2025-11-25 03:33:43,035 - INFO - Processing SENTIMENT DATA
2025-11-25 03:33:43,035 - INFO - Processing sentiment
2025-11-25 03:33:43,035 - WARNING - No historical data available for sentiment - only live data exists
2025-11-25 03:33:43,035 - WARNING - sentiment not available
2025-11-25 03:33:43,035 - INFO - 
============================================================
2025-11-25 03:33:43,035 - INFO - KPI CALCULATIONS AND FACT TABLE GENERATION
2025-11-25 03:33:43,035 - INFO - ============================================================
2025-11-25 03:33:43,035 - INFO - Starting KPI calculations
2025-11-25 03:33:43,038 - ERROR - Failed to load valid data: Error tokenizing data. C error: Expected 1 fields in line 4, saw 2

2025-11-25 03:33:43,038 - WARNING - KPI calculation returned no data
2025-11-25 03:33:43,038 - INFO - 
============================================================
2025-11-25 03:33:43,038 - INFO -  ANALYTICS LAYER
2025-11-25 03:33:43,038 - INFO - 
================================================================================
2025-11-25 03:33:43,038 - INFO - REPORT GENERATION STARTED
2025-11-25 03:33:43,038 - INFO - ================================================================================
2025-11-25 03:33:43,038 - INFO - Execution Directory (for intermediate CSVs): /Users/shalinitata/Desktop/stocks/Execution/2025/11/25/2025:11:25_03:33:42
2025-11-25 03:33:43,038 - INFO - Reports Directory (for final PDFs/Excel): /Users/shalinitata/Desktop/stocks/Execution/2025/11/25/2025:11:25_03:33:42/reports
2025-11-25 03:33:43,038 - INFO - ================================================================================
2025-11-25 03:33:43,038 - INFO - Created directory: /Users/shalinitata/Desktop/stocks/Execution/2025/11/25/2025:11:25_03:33:42/reports
2025-11-25 03:33:43,039 - INFO - 
============================================================
2025-11-25 03:33:43,039 - INFO - Generating Report 1: Annual Market Intelligence Report
2025-11-25 03:33:43,039 - INFO - ============================================================
2025-11-25 03:33:43,042 - ERROR - Failed to generate annual market intelligence report: 1146 (42S02): Table 'stocks_new.stock_facts' doesn't exist
2025-11-25 03:33:43,045 - ERROR - Traceback (most recent call last):
  File "/Users/shalinitata/Desktop/stocks/stocks/lib/python3.13/site-packages/mysql/connector/connection_cext.py", line 772, in cmd_query
    self._cmysql.query(
    ~~~~~~~~~~~~~~~~~~^
        query,
        ^^^^^^
    ...<3 lines>...
        query_attrs=self.query_attrs,
        ^^^^^^^^^^^^^^^^^^^^^^^^^^^^^
    )
    ^
_mysql_connector.MySQLInterfaceError: Table 'stocks_new.stock_facts' doesn't exist

The above exception was the direct cause of the following exception:

Traceback (most recent call last):
  File "/Users/shalinitata/Desktop/stocks/report.py", line 122, in annual_market_intelligence_report
    cursor.execute(query_yearly_performance)
    ~~~~~~~~~~~~~~^^^^^^^^^^^^^^^^^^^^^^^^^^
  File "/Users/shalinitata/Desktop/stocks/stocks/lib/python3.13/site-packages/mysql/connector/cursor_cext.py", line 353, in execute
    self._connection.cmd_query(
    ~~~~~~~~~~~~~~~~~~~~~~~~~~^
        self._stmt_partition["mappable_stmt"],
        ^^^^^^^^^^^^^^^^^^^^^^^^^^^^^^^^^^^^^^
    ...<2 lines>...
        raw_as_string=self._raw_as_string,
        ^^^^^^^^^^^^^^^^^^^^^^^^^^^^^^^^^^
    )
    ^
  File "/Users/shalinitata/Desktop/stocks/stocks/lib/python3.13/site-packages/mysql/connector/opentelemetry/context_propagation.py", line 97, in wrapper
    return method(cnx, *args, **kwargs)
  File "/Users/shalinitata/Desktop/stocks/stocks/lib/python3.13/site-packages/mysql/connector/connection_cext.py", line 781, in cmd_query
    raise get_mysql_exception(
        err.errno, msg=err.msg, sqlstate=err.sqlstate
    ) from err
mysql.connector.errors.ProgrammingError: 1146 (42S02): Table 'stocks_new.stock_facts' doesn't exist

2025-11-25 03:33:43,045 - INFO - 
============================================================
2025-11-25 03:33:43,045 - INFO - Generating Report 2: Sector Stability & Volatility Report
2025-11-25 03:33:43,045 - INFO - ============================================================
2025-11-25 03:33:43,047 - ERROR - Failed to generate sector stability report: 1146 (42S02): Table 'stocks_new.analytics_summary' doesn't exist
2025-11-25 03:33:43,048 - ERROR - Traceback (most recent call last):
  File "/Users/shalinitata/Desktop/stocks/stocks/lib/python3.13/site-packages/mysql/connector/connection_cext.py", line 772, in cmd_query
    self._cmysql.query(
    ~~~~~~~~~~~~~~~~~~^
        query,
        ^^^^^^
    ...<3 lines>...
        query_attrs=self.query_attrs,
        ^^^^^^^^^^^^^^^^^^^^^^^^^^^^^
    )
    ^
_mysql_connector.MySQLInterfaceError: Table 'stocks_new.analytics_summary' doesn't exist

The above exception was the direct cause of the following exception:

Traceback (most recent call last):
  File "/Users/shalinitata/Desktop/stocks/report.py", line 249, in sector_stability_volatility_report
    cursor.execute(query_sector_metrics)
    ~~~~~~~~~~~~~~^^^^^^^^^^^^^^^^^^^^^^
  File "/Users/shalinitata/Desktop/stocks/stocks/lib/python3.13/site-packages/mysql/connector/cursor_cext.py", line 353, in execute
    self._connection.cmd_query(
    ~~~~~~~~~~~~~~~~~~~~~~~~~~^
        self._stmt_partition["mappable_stmt"],
        ^^^^^^^^^^^^^^^^^^^^^^^^^^^^^^^^^^^^^^
    ...<2 lines>...
        raw_as_string=self._raw_as_string,
        ^^^^^^^^^^^^^^^^^^^^^^^^^^^^^^^^^^
    )
    ^
  File "/Users/shalinitata/Desktop/stocks/stocks/lib/python3.13/site-packages/mysql/connector/opentelemetry/context_propagation.py", line 97, in wrapper
    return method(cnx, *args, **kwargs)
  File "/Users/shalinitata/Desktop/stocks/stocks/lib/python3.13/site-packages/mysql/connector/connection_cext.py", line 781, in cmd_query
    raise get_mysql_exception(
        err.errno, msg=err.msg, sqlstate=err.sqlstate
    ) from err
mysql.connector.errors.ProgrammingError: 1146 (42S02): Table 'stocks_new.analytics_summary' doesn't exist

2025-11-25 03:33:43,048 - INFO - 
============================================================
2025-11-25 03:33:43,048 - INFO - Generating Report 3: Cross-Market Analysis Report
2025-11-25 03:33:43,048 - INFO - ============================================================
2025-11-25 03:33:43,050 - ERROR - Failed to generate cross-market analysis report: 1146 (42S02): Table 'stocks_new.stock_facts' doesn't exist
2025-11-25 03:33:43,050 - ERROR - Traceback (most recent call last):
  File "/Users/shalinitata/Desktop/stocks/stocks/lib/python3.13/site-packages/mysql/connector/connection_cext.py", line 772, in cmd_query
    self._cmysql.query(
    ~~~~~~~~~~~~~~~~~~^
        query,
        ^^^^^^
    ...<3 lines>...
        query_attrs=self.query_attrs,
        ^^^^^^^^^^^^^^^^^^^^^^^^^^^^^
    )
    ^
_mysql_connector.MySQLInterfaceError: Table 'stocks_new.stock_facts' doesn't exist

The above exception was the direct cause of the following exception:

Traceback (most recent call last):
  File "/Users/shalinitata/Desktop/stocks/report.py", line 334, in cross_market_analysis_report
    cursor.execute(query_currency_impact)
    ~~~~~~~~~~~~~~^^^^^^^^^^^^^^^^^^^^^^^
  File "/Users/shalinitata/Desktop/stocks/stocks/lib/python3.13/site-packages/mysql/connector/cursor_cext.py", line 353, in execute
    self._connection.cmd_query(
    ~~~~~~~~~~~~~~~~~~~~~~~~~~^
        self._stmt_partition["mappable_stmt"],
        ^^^^^^^^^^^^^^^^^^^^^^^^^^^^^^^^^^^^^^
    ...<2 lines>...
        raw_as_string=self._raw_as_string,
        ^^^^^^^^^^^^^^^^^^^^^^^^^^^^^^^^^^
    )
    ^
  File "/Users/shalinitata/Desktop/stocks/stocks/lib/python3.13/site-packages/mysql/connector/opentelemetry/context_propagation.py", line 97, in wrapper
    return method(cnx, *args, **kwargs)
  File "/Users/shalinitata/Desktop/stocks/stocks/lib/python3.13/site-packages/mysql/connector/connection_cext.py", line 781, in cmd_query
    raise get_mysql_exception(
        err.errno, msg=err.msg, sqlstate=err.sqlstate
    ) from err
mysql.connector.errors.ProgrammingError: 1146 (42S02): Table 'stocks_new.stock_facts' doesn't exist

2025-11-25 03:33:43,050 - INFO - 
============================================================
2025-11-25 03:33:43,050 - INFO - Generating Report 4: Forecasting & Prediction Summary
2025-11-25 03:33:43,050 - INFO - ============================================================
2025-11-25 03:33:43,053 - ERROR - Failed to generate forecasting summary: 1146 (42S02): Table 'stocks_new.analytics_summary' doesn't exist
2025-11-25 03:33:43,053 - ERROR - Traceback (most recent call last):
  File "/Users/shalinitata/Desktop/stocks/stocks/lib/python3.13/site-packages/mysql/connector/connection_cext.py", line 772, in cmd_query
    self._cmysql.query(
    ~~~~~~~~~~~~~~~~~~^
        query,
        ^^^^^^
    ...<3 lines>...
        query_attrs=self.query_attrs,
        ^^^^^^^^^^^^^^^^^^^^^^^^^^^^^
    )
    ^
_mysql_connector.MySQLInterfaceError: Table 'stocks_new.analytics_summary' doesn't exist

The above exception was the direct cause of the following exception:

Traceback (most recent call last):
  File "/Users/shalinitata/Desktop/stocks/report.py", line 466, in forecasting_prediction_summary
    cursor.execute(query_quarterly_trends)
    ~~~~~~~~~~~~~~^^^^^^^^^^^^^^^^^^^^^^^^
  File "/Users/shalinitata/Desktop/stocks/stocks/lib/python3.13/site-packages/mysql/connector/cursor_cext.py", line 353, in execute
    self._connection.cmd_query(
    ~~~~~~~~~~~~~~~~~~~~~~~~~~^
        self._stmt_partition["mappable_stmt"],
        ^^^^^^^^^^^^^^^^^^^^^^^^^^^^^^^^^^^^^^
    ...<2 lines>...
        raw_as_string=self._raw_as_string,
        ^^^^^^^^^^^^^^^^^^^^^^^^^^^^^^^^^^
    )
    ^
  File "/Users/shalinitata/Desktop/stocks/stocks/lib/python3.13/site-packages/mysql/connector/opentelemetry/context_propagation.py", line 97, in wrapper
    return method(cnx, *args, **kwargs)
  File "/Users/shalinitata/Desktop/stocks/stocks/lib/python3.13/site-packages/mysql/connector/connection_cext.py", line 781, in cmd_query
    raise get_mysql_exception(
        err.errno, msg=err.msg, sqlstate=err.sqlstate
    ) from err
mysql.connector.errors.ProgrammingError: 1146 (42S02): Table 'stocks_new.analytics_summary' doesn't exist

2025-11-25 03:33:43,053 - INFO - 
================================================================================
2025-11-25 03:33:43,053 - INFO - REPORT GENERATION COMPLETED SUCCESSFULLY
2025-11-25 03:33:43,053 - INFO - ================================================================================
2025-11-25 03:33:43,053 - INFO - 
Generated Reports:
2025-11-25 03:33:43,053 - INFO - 1. Annual Market Intelligence Report
2025-11-25 03:33:43,053 - INFO - 2. Sector Stability & Volatility Report
2025-11-25 03:33:43,053 - INFO - 3. Cross-Market Analysis Report
2025-11-25 03:33:43,053 - INFO - 4. Forecasting & Prediction Summary
2025-11-25 03:33:43,053 - INFO - 
Intermediate CSVs saved in: /Users/shalinitata/Desktop/stocks/Execution/2025/11/25/2025:11:25_03:33:42
2025-11-25 03:33:43,053 - INFO - Final reports (PDF/Excel) saved in: /Users/shalinitata/Desktop/stocks/Execution/2025/11/25/2025:11:25_03:33:42/reports
2025-11-25 03:33:43,053 - INFO - ================================================================================
2025-11-25 03:33:43,053 - INFO - Report generation completed successfully
